Arguments: 
  /usr/local/bin/node /usr/local/bin/yarn add @react-native-community/netinfo

PATH: 
  /Users/kabdelhalem/.amplify/bin:[PATH_TO_FLUTTER_GIT_DIRECTORY]/flutter/bin:/opt/homebrew/bin:/opt/homebrew/sbin:/usr/local/bin:/System/Cryptexes/App/usr/bin:/usr/bin:/bin:/usr/sbin:/sbin:/Applications/VMware Fusion.app/Contents/Public:/Library/Apple/usr/bin:/Users/kabdelhalem/.amplify/bin:[PATH_TO_FLUTTER_GIT_DIRECTORY]/flutter/bin:/opt/homebrew/bin:/opt/homebrew/sbin:/Users/kabdelhalem/development/flutter/bin:/Users/kabdelhalem/Documents/dev/chromium/depot_tools:/Users/kabdelhalem/development/flutter/bin:/Users/kabdelhalem/Documents/dev/chromium/depot_tools

Yarn version: 
  1.22.19

Node version: 
  16.17.0

Platform: 
  darwin arm64

Trace: 
  Error: EACCES: permission denied, unlink '/Users/kabdelhalem/Documents/dev/doggy-react-2/doggy-react-2/node_modules/@react-native-community/async-storage/LICENSE'

npm manifest: 
  {
    "name": "doggy-react-2",
    "version": "1.0.0",
    "main": "node_modules/expo/AppEntry.js",
    "scripts": {
      "start": "expo start",
      "android": "expo start --android",
      "ios": "expo start --ios",
      "web": "expo start --web"
    },
    "dependencies": {
      "@react-native-community/async-storage": "^1.12.1",
      "aws-amplify": "^5.2.0",
      "expo": "~48.0.15",
      "expo-status-bar": "~1.4.4",
      "react": "18.2.0",
      "react-native": "0.71.7"
    },
    "devDependencies": {
      "@babel/core": "^7.20.0",
      "@types/react": "~18.0.14",
      "typescript": "^4.9.4"
    },
    "private": true
  }

yarn manifest: 
  No manifest

Lockfile: 
  No lockfile
